<?xml version="1.0" encoding="UTF-8"?>
<!-- Generated by org.testng.reporters.JUnitReportReporter -->
<testsuite hostname="LAPTOP-EETE7220" failures="0" tests="1" name="com.cyclos.login" time="12.511" errors="0" timestamp="2023-05-02T12:36:48 IST" skipped="0">
  <testcase classname="com.cyclos.login" name="Test" time="12.511"/>
  <system-out/>
</testsuite> <!-- com.cyclos.login -->
